<?xml version="1.0" encoding="UTF-8"?>
<!-- Generated by org.testng.reporters.JUnitReportReporter -->
<testsuite hostname="Smita" failures="0" tests="2" name="cucumberoption.TestNGTestRunner" time="12.574" errors="0" timestamp="2025-02-06T20:36:21 IST" skipped="0">
  <testcase classname="cucumberoption.TestNGTestRunner" name="runScenario" time="6.215"/>
  <testcase classname="cucumberoption.TestNGTestRunner" name="runScenario" time="6.359"/>
</testsuite> <!-- cucumberoption.TestNGTestRunner -->
