<?xml version="1.0" encoding="UTF-8"?>
<!-- Generated by org.testng.reporters.JUnitReportReporter -->
<testsuite hostname="Smita" failures="0" tests="2" name="cucumberoption.TestNGTestRunner" time="0.664" errors="2" timestamp="2025-02-06T20:51:54 IST" skipped="0">
  <testcase classname="cucumberoption.TestNGTestRunner" name="runScenario" time="0.332">
    <error message="Cannot invoke &quot;org.openqa.selenium.WebDriver.findElement(org.openqa.selenium.By)&quot; because &quot;this.driver&quot; is null" type="java.lang.NullPointerException">
      <![CDATA[java.lang.NullPointerException: Cannot invoke "org.openqa.selenium.WebDriver.findElement(org.openqa.selenium.By)" because "this.driver" is null
at pageObject.landingpage.searchItem(landingpage.java:18)
at stepdefinition.landingpagestepdefinition.user_searched_with_shortname_and_extracted_actual_name_of_product(landingpagestepdefinition.java:39)
at ✽.user searched with shortname Tom and extracted actual name of product(file:///D:/java/Cucumberrealtime/src/test/java/featurefile/featurefile.feature:6)
]]>
    </error>
  </testcase> <!-- runScenario -->
  <testcase classname="cucumberoption.TestNGTestRunner" name="runScenario" time="0.332">
    <error message="Cannot invoke &quot;org.openqa.selenium.WebDriver.findElement(org.openqa.selenium.By)&quot; because &quot;this.driver&quot; is null" type="java.lang.NullPointerException">
      <![CDATA[java.lang.NullPointerException: Cannot invoke "org.openqa.selenium.WebDriver.findElement(org.openqa.selenium.By)" because "this.driver" is null
at pageObject.landingpage.searchItem(landingpage.java:18)
at stepdefinition.landingpagestepdefinition.user_searched_with_shortname_and_extracted_actual_name_of_product(landingpagestepdefinition.java:39)
at ✽.user searched with shortname Pot and extracted actual name of product(file:///D:/java/Cucumberrealtime/src/test/java/featurefile/featurefile.feature:6)
]]>
    </error>
  </testcase> <!-- runScenario -->
</testsuite> <!-- cucumberoption.TestNGTestRunner -->
